2014-06-09 13:45:34,628 - [INFO] - from play in pool-9-thread-4 
Listening for HTTP on /0:0:0:0:0:0:0:0:9000

2014-06-09 13:46:50,728 - [INFO] - from play in play-internal-execution-context-1 
datasource [jdbc:h2:mem:play] bound to JNDI as DefaultDS

2014-06-09 13:46:51,713 - [INFO] - from play in play-internal-execution-context-1 
database [default] connected at jdbc:h2:mem:play

2014-06-09 13:46:57,704 - [ERROR] - from application in New I/O worker #1 


! @6ifc6m7gc - Internal server error, for (GET) [/home/profPage] ->

play.api.db.evolutions.InvalidDatabaseRevision: Database 'default' needs evolution![An SQL script need to be run on your database.]
	at play.api.db.evolutions.EvolutionsPlugin$$anonfun$onStart$1$$anonfun$apply$1.apply$mcV$sp(Evolutions.scala:486) ~[play-jdbc_2.10.jar:2.2.3]
	at play.api.db.evolutions.EvolutionsPlugin.withLock(Evolutions.scala:507) ~[play-jdbc_2.10.jar:2.2.3]
	at play.api.db.evolutions.EvolutionsPlugin$$anonfun$onStart$1.apply(Evolutions.scala:461) ~[play-jdbc_2.10.jar:2.2.3]
	at play.api.db.evolutions.EvolutionsPlugin$$anonfun$onStart$1.apply(Evolutions.scala:459) ~[play-jdbc_2.10.jar:2.2.3]
	at scala.collection.immutable.List.foreach(List.scala:318) ~[scala-library.jar:na]
	at play.api.db.evolutions.EvolutionsPlugin.onStart(Evolutions.scala:459) ~[play-jdbc_2.10.jar:2.2.3]
	at play.api.Play$$anonfun$start$1$$anonfun$apply$mcV$sp$1.apply(Play.scala:88) ~[play_2.10.jar:2.2.3]
	at play.api.Play$$anonfun$start$1$$anonfun$apply$mcV$sp$1.apply(Play.scala:88) ~[play_2.10.jar:2.2.3]
	at scala.collection.immutable.List.foreach(List.scala:318) ~[scala-library.jar:na]
	at play.api.Play$$anonfun$start$1.apply$mcV$sp(Play.scala:88) ~[play_2.10.jar:2.2.3]
	at play.api.Play$$anonfun$start$1.apply(Play.scala:88) ~[play_2.10.jar:2.2.3]
	at play.api.Play$$anonfun$start$1.apply(Play.scala:88) ~[play_2.10.jar:2.2.3]
	at play.utils.Threads$.withContextClassLoader(Threads.scala:18) ~[play_2.10.jar:2.2.3]
	at play.api.Play$.start(Play.scala:87) ~[play_2.10.jar:2.2.3]
	at play.core.ReloadableApplication$$anonfun$get$1$$anonfun$apply$1$$anonfun$1.apply(ApplicationProvider.scala:139) ~[play_2.10.jar:2.2.3]
	at play.core.ReloadableApplication$$anonfun$get$1$$anonfun$apply$1$$anonfun$1.apply(ApplicationProvider.scala:112) ~[play_2.10.jar:2.2.3]
	at scala.Option.map(Option.scala:145) ~[scala-library.jar:na]
	at play.core.ReloadableApplication$$anonfun$get$1$$anonfun$apply$1.apply(ApplicationProvider.scala:112) ~[play_2.10.jar:2.2.3]
	at play.core.ReloadableApplication$$anonfun$get$1$$anonfun$apply$1.apply(ApplicationProvider.scala:110) ~[play_2.10.jar:2.2.3]
	at scala.util.Success.flatMap(Try.scala:200) ~[scala-library.jar:na]
	at play.core.ReloadableApplication$$anonfun$get$1.apply(ApplicationProvider.scala:110) ~[play_2.10.jar:2.2.3]
	at play.core.ReloadableApplication$$anonfun$get$1.apply(ApplicationProvider.scala:102) ~[play_2.10.jar:2.2.3]
	at scala.concurrent.impl.Future$PromiseCompletingRunnable.liftedTree1$1(Future.scala:24) ~[scala-library.jar:na]
	at scala.concurrent.impl.Future$PromiseCompletingRunnable.run(Future.scala:24) ~[scala-library.jar:na]
	at scala.concurrent.forkjoin.ForkJoinTask$AdaptedRunnableAction.exec(ForkJoinTask.java:1361) ~[scala-library.jar:na]
	at scala.concurrent.forkjoin.ForkJoinTask.doExec(ForkJoinTask.java:260) ~[scala-library.jar:na]
	at scala.concurrent.forkjoin.ForkJoinPool$WorkQueue.runTask(ForkJoinPool.java:1339) ~[scala-library.jar:na]
	at scala.concurrent.forkjoin.ForkJoinPool.runWorker(ForkJoinPool.java:1979) ~[scala-library.jar:na]
	at scala.concurrent.forkjoin.ForkJoinWorkerThread.run(ForkJoinWorkerThread.java:107) ~[scala-library.jar:na]

2014-06-09 13:46:58,927 - [ERROR] - from application in New I/O worker #2 


! @6ifc6m7gc - Internal server error, for (GET) [/profPage] ->

play.api.db.evolutions.InvalidDatabaseRevision: Database 'default' needs evolution![An SQL script need to be run on your database.]
	at play.api.db.evolutions.EvolutionsPlugin$$anonfun$onStart$1$$anonfun$apply$1.apply$mcV$sp(Evolutions.scala:486) ~[play-jdbc_2.10.jar:2.2.3]
	at play.api.db.evolutions.EvolutionsPlugin.withLock(Evolutions.scala:507) ~[play-jdbc_2.10.jar:2.2.3]
	at play.api.db.evolutions.EvolutionsPlugin$$anonfun$onStart$1.apply(Evolutions.scala:461) ~[play-jdbc_2.10.jar:2.2.3]
	at play.api.db.evolutions.EvolutionsPlugin$$anonfun$onStart$1.apply(Evolutions.scala:459) ~[play-jdbc_2.10.jar:2.2.3]
	at scala.collection.immutable.List.foreach(List.scala:318) ~[scala-library.jar:na]
	at play.api.db.evolutions.EvolutionsPlugin.onStart(Evolutions.scala:459) ~[play-jdbc_2.10.jar:2.2.3]
	at play.api.Play$$anonfun$start$1$$anonfun$apply$mcV$sp$1.apply(Play.scala:88) ~[play_2.10.jar:2.2.3]
	at play.api.Play$$anonfun$start$1$$anonfun$apply$mcV$sp$1.apply(Play.scala:88) ~[play_2.10.jar:2.2.3]
	at scala.collection.immutable.List.foreach(List.scala:318) ~[scala-library.jar:na]
	at play.api.Play$$anonfun$start$1.apply$mcV$sp(Play.scala:88) ~[play_2.10.jar:2.2.3]
	at play.api.Play$$anonfun$start$1.apply(Play.scala:88) ~[play_2.10.jar:2.2.3]
	at play.api.Play$$anonfun$start$1.apply(Play.scala:88) ~[play_2.10.jar:2.2.3]
	at play.utils.Threads$.withContextClassLoader(Threads.scala:18) ~[play_2.10.jar:2.2.3]
	at play.api.Play$.start(Play.scala:87) ~[play_2.10.jar:2.2.3]
	at play.core.ReloadableApplication$$anonfun$get$1$$anonfun$apply$1$$anonfun$1.apply(ApplicationProvider.scala:139) ~[play_2.10.jar:2.2.3]
	at play.core.ReloadableApplication$$anonfun$get$1$$anonfun$apply$1$$anonfun$1.apply(ApplicationProvider.scala:112) ~[play_2.10.jar:2.2.3]
	at scala.Option.map(Option.scala:145) ~[scala-library.jar:na]
	at play.core.ReloadableApplication$$anonfun$get$1$$anonfun$apply$1.apply(ApplicationProvider.scala:112) ~[play_2.10.jar:2.2.3]
	at play.core.ReloadableApplication$$anonfun$get$1$$anonfun$apply$1.apply(ApplicationProvider.scala:110) ~[play_2.10.jar:2.2.3]
	at scala.util.Success.flatMap(Try.scala:200) ~[scala-library.jar:na]
	at play.core.ReloadableApplication$$anonfun$get$1.apply(ApplicationProvider.scala:110) ~[play_2.10.jar:2.2.3]
	at play.core.ReloadableApplication$$anonfun$get$1.apply(ApplicationProvider.scala:102) ~[play_2.10.jar:2.2.3]
	at scala.concurrent.impl.Future$PromiseCompletingRunnable.liftedTree1$1(Future.scala:24) ~[scala-library.jar:na]
	at scala.concurrent.impl.Future$PromiseCompletingRunnable.run(Future.scala:24) ~[scala-library.jar:na]
	at scala.concurrent.forkjoin.ForkJoinTask$AdaptedRunnableAction.exec(ForkJoinTask.java:1361) ~[scala-library.jar:na]
	at scala.concurrent.forkjoin.ForkJoinTask.doExec(ForkJoinTask.java:260) ~[scala-library.jar:na]
	at scala.concurrent.forkjoin.ForkJoinPool$WorkQueue.runTask(ForkJoinPool.java:1339) ~[scala-library.jar:na]
	at scala.concurrent.forkjoin.ForkJoinPool.runWorker(ForkJoinPool.java:1979) ~[scala-library.jar:na]
	at scala.concurrent.forkjoin.ForkJoinWorkerThread.run(ForkJoinWorkerThread.java:107) ~[scala-library.jar:na]

2014-06-09 13:47:18,444 - [INFO] - from play in play-internal-execution-context-1 
datasource [jdbc:h2:mem:play] bound to JNDI as DefaultDS

2014-06-09 13:47:18,454 - [INFO] - from play in play-internal-execution-context-1 
database [default] connected at jdbc:h2:mem:play

2014-06-09 13:47:19,901 - [INFO] - from play in play-internal-execution-context-1 
Application started (Dev)

2014-06-09 14:27:24,898 - [INFO] - from play in play-internal-execution-context-4 
datasource [jdbc:h2:mem:play] bound to JNDI as DefaultDS

2014-06-09 14:27:24,918 - [INFO] - from play in play-internal-execution-context-4 
database [default] connected at jdbc:h2:mem:play

2014-06-09 14:27:26,775 - [INFO] - from play in play-internal-execution-context-4 
Application started (Dev)

2014-06-09 14:32:27,139 - [INFO] - from play in play-internal-execution-context-4 
datasource [jdbc:h2:mem:play] bound to JNDI as DefaultDS

2014-06-09 14:32:27,155 - [INFO] - from play in play-internal-execution-context-4 
database [default] connected at jdbc:h2:mem:play

2014-06-09 14:32:28,080 - [INFO] - from play in play-internal-execution-context-4 
Application started (Dev)

2014-06-09 14:36:25,255 - [INFO] - from play in play-internal-execution-context-7 
datasource [jdbc:h2:mem:play] bound to JNDI as DefaultDS

2014-06-09 14:36:25,261 - [INFO] - from play in play-internal-execution-context-7 
database [default] connected at jdbc:h2:mem:play

2014-06-09 14:36:25,803 - [INFO] - from play in play-internal-execution-context-7 
Application started (Dev)

2014-06-09 14:40:46,128 - [INFO] - from play in play-internal-execution-context-7 
datasource [jdbc:h2:mem:play] bound to JNDI as DefaultDS

2014-06-09 14:40:46,133 - [INFO] - from play in play-internal-execution-context-7 
database [default] connected at jdbc:h2:mem:play

2014-06-09 14:40:46,788 - [INFO] - from play in play-internal-execution-context-7 
Application started (Dev)

2014-06-09 14:41:39,702 - [INFO] - from play in play-internal-execution-context-7 
datasource [jdbc:h2:mem:play] bound to JNDI as DefaultDS

2014-06-09 14:41:39,720 - [INFO] - from play in play-internal-execution-context-7 
database [default] connected at jdbc:h2:mem:play

2014-06-09 14:41:40,417 - [INFO] - from play in play-internal-execution-context-7 
Application started (Dev)

2014-06-09 14:42:39,981 - [INFO] - from play in play-internal-execution-context-7 
datasource [jdbc:h2:mem:play] bound to JNDI as DefaultDS

2014-06-09 14:42:40,016 - [INFO] - from play in play-internal-execution-context-7 
database [default] connected at jdbc:h2:mem:play

2014-06-09 14:42:40,661 - [INFO] - from play in play-internal-execution-context-7 
Application started (Dev)

2014-06-09 14:44:08,479 - [INFO] - from play in play-internal-execution-context-7 
datasource [jdbc:h2:mem:play] bound to JNDI as DefaultDS

2014-06-09 14:44:08,486 - [INFO] - from play in play-internal-execution-context-7 
database [default] connected at jdbc:h2:mem:play

2014-06-09 14:44:08,982 - [INFO] - from play in play-internal-execution-context-7 
Application started (Dev)

2014-06-09 14:44:48,337 - [INFO] - from play in play-internal-execution-context-7 
datasource [jdbc:h2:mem:play] bound to JNDI as DefaultDS

2014-06-09 14:44:48,345 - [INFO] - from play in play-internal-execution-context-7 
database [default] connected at jdbc:h2:mem:play

2014-06-09 14:44:48,764 - [INFO] - from play in play-internal-execution-context-7 
Application started (Dev)

2014-06-09 14:52:35,276 - [INFO] - from play in play-internal-execution-context-7 
datasource [jdbc:h2:mem:play] bound to JNDI as DefaultDS

2014-06-09 14:52:35,283 - [INFO] - from play in play-internal-execution-context-7 
database [default] connected at jdbc:h2:mem:play

2014-06-09 14:52:35,859 - [INFO] - from play in play-internal-execution-context-7 
Application started (Dev)

2014-06-09 14:53:23,186 - [INFO] - from play in play-internal-execution-context-7 
datasource [jdbc:h2:mem:play] bound to JNDI as DefaultDS

2014-06-09 14:53:23,193 - [INFO] - from play in play-internal-execution-context-7 
database [default] connected at jdbc:h2:mem:play

2014-06-09 14:53:24,027 - [INFO] - from play in play-internal-execution-context-7 
Application started (Dev)

2014-06-09 14:55:56,945 - [INFO] - from play in play-internal-execution-context-14 
datasource [jdbc:h2:mem:play] bound to JNDI as DefaultDS

2014-06-09 14:55:56,953 - [INFO] - from play in play-internal-execution-context-14 
database [default] connected at jdbc:h2:mem:play

2014-06-09 14:55:57,404 - [INFO] - from play in play-internal-execution-context-14 
Application started (Dev)

2014-06-09 14:57:15,476 - [INFO] - from play in play-internal-execution-context-14 
datasource [jdbc:h2:mem:play] bound to JNDI as DefaultDS

2014-06-09 14:57:15,492 - [INFO] - from play in play-internal-execution-context-14 
database [default] connected at jdbc:h2:mem:play

2014-06-09 14:57:16,274 - [INFO] - from play in play-internal-execution-context-14 
Application started (Dev)

2014-06-09 14:57:47,279 - [INFO] - from play in play-internal-execution-context-16 
datasource [jdbc:h2:mem:play] bound to JNDI as DefaultDS

2014-06-09 14:57:47,284 - [INFO] - from play in play-internal-execution-context-16 
database [default] connected at jdbc:h2:mem:play

2014-06-09 14:57:47,699 - [INFO] - from play in play-internal-execution-context-16 
Application started (Dev)

